2025-05-21 03:39:26,419 - INFO - Cargando lista de archivos desde 'Filenames.txt'...
2025-05-21 03:39:26,456 - INFO - Se encontraron 141600 archivos en la lista.
2025-05-21 03:39:26,456 - INFO - Escaneando archivos descargados en 'Files'...
2025-05-21 03:39:26,464 - INFO - Se encontraron 5035 archivos descargados.
2025-05-21 03:39:26,561 - INFO - Se encontraron 136565 archivos faltantes.
2025-05-21 03:39:26,561 - INFO - Lista de archivos faltantes guardada en 'missing.txt'.
2025-05-21 03:39:26,561 - INFO - Puedes usar este archivo para descargar los archivos faltantes:
2025-05-21 03:39:26,561 - INFO - python Scraper_Sin_Login.py --failed missing.txt
2025-05-21 10:04:56,784 - INFO - Cargando lista de archivos desde 'Filenames.txt'...
2025-05-21 10:04:56,806 - INFO - Se encontraron 136565 archivos en la lista.
2025-05-21 10:04:56,819 - INFO - Escaneando archivos descargados en 'Files'...
2025-05-21 10:04:56,853 - INFO - Se encontraron 40260 archivos descargados.
2025-05-21 10:04:56,956 - INFO - Se encontraron 101340 archivos faltantes.
2025-05-21 10:04:56,956 - INFO - Lista de archivos faltantes guardada en 'missing.txt'.
2025-05-21 10:04:56,956 - INFO - Puedes usar este archivo para descargar los archivos faltantes:
2025-05-21 10:04:56,956 - INFO - python Scraper_Sin_Login.py --failed missing.txt
2025-05-21 13:50:47,948 - INFO - Cargando lista de archivos desde 'Filenames.txt'...
2025-05-21 13:50:47,963 - INFO - Se encontraron 101340 archivos en la lista.
2025-05-21 13:50:47,963 - INFO - Escaneando archivos descargados en 'Files'...
2025-05-21 13:50:48,041 - INFO - Se encontraron 62883 archivos descargados.
2025-05-21 13:50:48,122 - INFO - Se encontraron 78717 archivos faltantes.
2025-05-21 13:50:48,122 - INFO - Lista de archivos faltantes guardada en 'missing.txt'.
2025-05-21 13:50:48,122 - INFO - Puedes usar este archivo para descargar los archivos faltantes:
2025-05-21 13:50:48,122 - INFO - python Scraper_Sin_Login.py --failed missing.txt
2025-05-21 14:27:35,599 - INFO - Cargando lista de archivos desde 'Filenames.txt'...
2025-05-21 14:27:35,610 - INFO - Se encontraron 101340 archivos en la lista.
2025-05-21 14:27:35,610 - INFO - Escaneando archivos descargados en 'Files'...
2025-05-21 14:27:35,688 - INFO - Se encontraron 66493 archivos descargados.
2025-05-21 14:27:35,760 - INFO - Se encontraron 75107 archivos faltantes.
2025-05-21 14:27:35,760 - INFO - Lista de archivos faltantes guardada en 'missing.txt'.
2025-05-21 14:27:35,760 - INFO - Puedes usar este archivo para descargar los archivos faltantes:
2025-05-21 14:27:35,760 - INFO - python Scraper_Sin_Login.py --failed missing.txt
2025-05-21 14:27:48,949 - INFO - Cargando lista de archivos desde 'Filenames.txt'...
2025-05-21 14:27:48,961 - INFO - Se encontraron 101340 archivos en la lista.
2025-05-21 14:27:48,961 - INFO - Escaneando archivos descargados en 'Files'...
2025-05-21 14:27:49,031 - INFO - Se encontraron 66513 archivos descargados.
2025-05-21 14:27:49,101 - INFO - Se encontraron 75087 archivos faltantes.
2025-05-21 14:27:49,101 - INFO - Lista de archivos faltantes guardada en 'missing.txt'.
2025-05-21 14:27:49,101 - INFO - Puedes usar este archivo para descargar los archivos faltantes:
2025-05-21 14:27:49,101 - INFO - python Scraper_Sin_Login.py --failed missing.txt
2025-05-21 14:27:57,940 - INFO - Cargando lista de archivos desde 'Filenames.txt'...
2025-05-21 14:27:57,952 - INFO - Se encontraron 101340 archivos en la lista.
2025-05-21 14:27:57,952 - INFO - Escaneando archivos descargados en 'Files'...
2025-05-21 14:27:58,023 - INFO - Se encontraron 66528 archivos descargados.
2025-05-21 14:27:58,102 - INFO - Se encontraron 75072 archivos faltantes.
2025-05-21 14:27:58,102 - INFO - Lista de archivos faltantes guardada en 'missing.txt'.
2025-05-21 14:27:58,102 - INFO - Puedes usar este archivo para descargar los archivos faltantes:
2025-05-21 14:27:58,102 - INFO - python Scraper_Sin_Login.py --failed missing.txt
